<?xml version="1.0" encoding="UTF-8"?>
<testng-results ignored="0" total="1" passed="1" failed="0" skipped="0">
  <reporter-output>
  </reporter-output>
  <suite started-at="2024-10-12T07:30:14 IST" name="Default suite" finished-at="2024-10-12T07:30:24 IST" duration-ms="10098">
    <groups>
    </groups>
    <test started-at="2024-10-12T07:30:14 IST" name="Default test" finished-at="2024-10-12T07:30:24 IST" duration-ms="10098">
      <class name="com.Test.LoginTest">
        <test-method signature="login()[pri:0, instance:com.Test.LoginTest@5d0bf09b]" started-at="2024-10-12T07:30:14 IST" name="login" finished-at="2024-10-12T07:30:24 IST" duration-ms="10046" status="PASS">
          <reporter-output>
          </reporter-output>
        </test-method> <!-- login -->
      </class> <!-- com.Test.LoginTest -->
    </test> <!-- Default test -->
  </suite> <!-- Default suite -->
</testng-results>
